<?xml version="1.0" encoding="UTF-8"?>
<testng-results skipped="0" failed="0" ignored="0" total="1" passed="1">
  <reporter-output>
  </reporter-output>
  <suite name="Default suite" duration-ms="16105" started-at="2019-10-14T14:20:14Z" finished-at="2019-10-14T14:20:30Z">
    <groups>
    </groups>
    <test name="Default test" duration-ms="16105" started-at="2019-10-14T14:20:14Z" finished-at="2019-10-14T14:20:30Z">
      <class name="Login_Test">
        <test-method status="PASS" signature="beforeMethod()[pri:0, instance:Login_Test@6767c1fc]" name="beforeMethod" is-config="true" duration-ms="9290" started-at="2019-10-14T14:20:14Z" finished-at="2019-10-14T14:20:23Z">
          <reporter-output>
          </reporter-output>
        </test-method> <!-- beforeMethod -->
        <test-method status="PASS" signature="f()[pri:0, instance:Login_Test@6767c1fc]" name="f" duration-ms="110" started-at="2019-10-14T14:20:23Z" finished-at="2019-10-14T14:20:23Z">
          <reporter-output>
          </reporter-output>
        </test-method> <!-- f -->
        <test-method status="PASS" signature="afterMethod()[pri:0, instance:Login_Test@6767c1fc]" name="afterMethod" is-config="true" duration-ms="6680" started-at="2019-10-14T14:20:23Z" finished-at="2019-10-14T14:20:30Z">
          <reporter-output>
          </reporter-output>
        </test-method> <!-- afterMethod -->
      </class> <!-- Login_Test -->
    </test> <!-- Default test -->
  </suite> <!-- Default suite -->
</testng-results>
